<?xml version="1.0" encoding="UTF-8"?>
<!-- Generated by org.testng.reporters.JUnitXMLReporter -->
<testsuite hostname="Ami" name="Default test" tests="6" failures="0" timestamp="4 May 2017 08:51:08 GMT" time="0.165" errors="0">
  <testcase name="@BeforeClass initializeTestBaseSetup" time="0.0" classname="w2c.marketData.Tests.AccountsTest">
    <failure type="org.testng.TestNGException" message="
Parameter &amp;apos;browserType&amp;apos; is required by @Configuration on method initializeTestBaseSetup but has not been marked @Optional or defined
in C:\Users\Mayan\AppData\Local\Temp\testng-eclipse--1783098916\testng-customsuite.xml">
      <![CDATA[org.testng.TestNGException: 
Parameter 'browserType' is required by @Configuration on method initializeTestBaseSetup but has not been marked @Optional or defined
in C:\Users\Mayan\AppData\Local\Temp\testng-eclipse--1783098916\testng-customsuite.xml
	at org.testng.internal.Parameters.createParameters(Parameters.java:154)
	at org.testng.internal.Parameters.createParameters(Parameters.java:361)
	at org.testng.internal.Parameters.createConfigurationParameters(Parameters.java:84)
	at org.testng.internal.Invoker.invokeConfigurations(Invoker.java:197)
	at org.testng.internal.Invoker.invokeConfigurations(Invoker.java:138)
	at org.testng.internal.TestMethodWorker.invokeBeforeClassMethods(TestMethodWorker.java:170)
	at org.testng.internal.TestMethodWorker.run(TestMethodWorker.java:104)
	at org.testng.TestRunner.privateRun(TestRunner.java:774)
	at org.testng.TestRunner.run(TestRunner.java:624)
	at org.testng.SuiteRunner.runTest(SuiteRunner.java:359)
	at org.testng.SuiteRunner.runSequentially(SuiteRunner.java:354)
	at org.testng.SuiteRunner.privateRun(SuiteRunner.java:312)
	at org.testng.SuiteRunner.run(SuiteRunner.java:261)
	at org.testng.SuiteRunnerWorker.runSuite(SuiteRunnerWorker.java:52)
	at org.testng.SuiteRunnerWorker.run(SuiteRunnerWorker.java:86)
	at org.testng.TestNG.runSuitesSequentially(TestNG.java:1215)
	at org.testng.TestNG.runSuitesLocally(TestNG.java:1140)
	at org.testng.TestNG.run(TestNG.java:1048)
	at org.testng.remote.AbstractRemoteTestNG.run(AbstractRemoteTestNG.java:126)
	at org.testng.remote.RemoteTestNG.initAndRun(RemoteTestNG.java:137)
	at org.testng.remote.RemoteTestNG.main(RemoteTestNG.java:58)
]]>
    </failure>
  </testcase> <!-- @BeforeClass initializeTestBaseSetup -->
  <testcase name="newCustomerTest" time="0.008" classname="w2c.marketData.Tests.AccountsTest">
    <skipped/>
  </testcase> <!-- newCustomerTest -->
  <testcase name="newAccountTest" time="0.002" classname="w2c.marketData.Tests.AccountsTest">
    <skipped/>
  </testcase> <!-- newAccountTest -->
  <testcase name="editAccount" time="0.001" classname="w2c.marketData.Tests.AccountsTest">
    <skipped/>
  </testcase> <!-- editAccount -->
  <testcase name="deleteAccoutn" time="0.008" classname="w2c.marketData.Tests.AccountsTest">
    <skipped/>
  </testcase> <!-- deleteAccoutn -->
  <testcase name="deposit" time="0.003" classname="w2c.marketData.Tests.AccountsTest">
    <skipped/>
  </testcase> <!-- deposit -->
  <testcase name="widthdrawl" time="0.004" classname="w2c.marketData.Tests.AccountsTest">
    <skipped/>
  </testcase> <!-- widthdrawl -->
</testsuite> <!-- Default test -->
